SecretaryApp/app/build/intermediates/manifest_merge_blame_file/evalDebug/manifest-merger-blame-eval-debug-report.txt
1<?xml version="1.0" encoding="utf-8"?>
2<manifest xmlns:android="http://schemas.android.com/apk/res/android"
3    package="net.synapticweb.callrecorder.gpcompliant.eval"
4    android:versionCode="13"
5    android:versionName="1.1.3-gpcompliant-eval" >
6
7    <uses-sdk
8        android:minSdkVersion="21"
9        android:targetSdkVersion="29" />
10
11    <!-- android:sharedUserId="android.uid.system" -->
12    <uses-feature
12-->src\main\AndroidManifest.xml:7:5-8:34
13        android:name="android.hardware.telephony"
13-->src\main\AndroidManifest.xml:7:19-60
14        android:required="true" />
14-->src\main\AndroidManifest.xml:8:9-32
15    <uses-feature
15-->src\main\AndroidManifest.xml:9:5-88
16        android:name="android.hardware.microphone"
16-->src\main\AndroidManifest.xml:9:19-61
17        android:required="true" />
17-->src\main\AndroidManifest.xml:9:62-85
18
19    <uses-permission android:name="android.permission.READ_PHONE_STATE" />
19-->src\main\AndroidManifest.xml:11:5-74
19-->src\main\AndroidManifest.xml:11:22-72
20    <uses-permission android:name="android.permission.RECORD_AUDIO" />
20-->src\main\AndroidManifest.xml:12:5-70
20-->src\main\AndroidManifest.xml:12:22-68
21    <uses-permission android:name="android.permission.READ_EXTERNAL_STORAGE" />
21-->src\main\AndroidManifest.xml:13:5-79
21-->src\main\AndroidManifest.xml:13:22-77
22    <uses-permission android:name="android.permission.WRITE_EXTERNAL_STORAGE" />
22-->src\main\AndroidManifest.xml:14:5-80
22-->src\main\AndroidManifest.xml:14:22-78
23    <uses-permission android:name="android.permission.READ_CONTACTS" />
23-->src\main\AndroidManifest.xml:15:5-72
23-->src\main\AndroidManifest.xml:15:22-69
24    <uses-permission android:name="android.permission.MODIFY_AUDIO_SETTINGS" />
24-->src\main\AndroidManifest.xml:16:5-79
24-->src\main\AndroidManifest.xml:16:22-77
25    <uses-permission android:name="android.permission.FOREGROUND_SERVICE" />
25-->src\main\AndroidManifest.xml:17:5-76
25-->src\main\AndroidManifest.xml:17:22-74
26    <uses-permission android:name="android.permission.INTERNET" />
26-->src\main\AndroidManifest.xml:18:5-66
26-->src\main\AndroidManifest.xml:18:22-64
27    <uses-permission android:name="android.permission.CAPTURE_AUDIO_OUTPUT" />
27-->src\main\AndroidManifest.xml:19:5-78
27-->src\main\AndroidManifest.xml:19:22-76
28
29    <application
29-->src\main\AndroidManifest.xml:21:5-89:19
30        android:name="net.synapticweb.callrecorder.CrApp"
30-->src\main\AndroidManifest.xml:28:9-30
31        android:allowBackup="false"
31-->src\main\AndroidManifest.xml:22:9-36
32        android:appComponentFactory="androidx.core.app.CoreComponentFactory"
32-->[androidx.core:core:1.1.0] AndroidManifest.xml:24:18-86
33        android:debuggable="true"
34        android:icon="@mipmap/launcher_icon"
34-->src\main\AndroidManifest.xml:23:9-45
35        android:label="@string/app_name"
35-->src\main\AndroidManifest.xml:24:9-41
36        android:roundIcon="@mipmap/launcher_icon_round"
36-->src\main\AndroidManifest.xml:25:9-56
37        android:supportsRtl="true"
37-->src\main\AndroidManifest.xml:26:9-35
38        android:testOnly="true"
39        android:theme="@style/AppThemeLight"
39-->src\main\AndroidManifest.xml:27:9-45
40        android:usesCleartextTraffic="true" >
40-->src\main\AndroidManifest.xml:29:9-44
41        <provider
41-->src\eval\AndroidManifest.xml:7:1-15:20
42            android:name="androidx.core.content.FileProvider"
42-->src\eval\AndroidManifest.xml:8:13-62
43            android:authorities="net.synapticweb.callrecorder.eval.fileprovider"
43-->src\eval\AndroidManifest.xml:9:13-81
44            android:exported="false"
44-->src\eval\AndroidManifest.xml:10:13-37
45            android:grantUriPermissions="true" >
45-->src\eval\AndroidManifest.xml:11:13-47
46            <meta-data
46-->src\eval\AndroidManifest.xml:12:13-14:48
47                android:name="android.support.FILE_PROVIDER_PATHS"
47-->src\eval\AndroidManifest.xml:13:17-67
48                android:resource="@xml/files" />
48-->src\eval\AndroidManifest.xml:14:17-46
49        </provider>
50
51        <activity
51-->src\main\AndroidManifest.xml:32:9-39:20
52            android:name="net.synapticweb.callrecorder.contactslist.ContactsListActivityMain"
52-->src\main\AndroidManifest.xml:32:19-72
53            android:launchMode="singleTop" >
53-->src\main\AndroidManifest.xml:33:13-43
54            <intent-filter>
54-->src\main\AndroidManifest.xml:34:13-38:29
55                <action android:name="android.intent.action.MAIN" />
55-->src\main\AndroidManifest.xml:35:17-69
55-->src\main\AndroidManifest.xml:35:25-66
56
57                <category android:name="android.intent.category.LAUNCHER" />
57-->src\main\AndroidManifest.xml:37:17-77
57-->src\main\AndroidManifest.xml:37:27-74
58            </intent-filter>
59        </activity>
60        <activity
60-->src\main\AndroidManifest.xml:41:9-43:20
61            android:name="net.synapticweb.callrecorder.contactdetail.ContactDetailActivity"
61-->src\main\AndroidManifest.xml:41:19-70
62            android:parentActivityName="net.synapticweb.callrecorder.contactslist.ContactsListActivityMain" >
62-->src\main\AndroidManifest.xml:42:13-80
63        </activity>
64        <activity
64-->src\main\AndroidManifest.xml:45:9-47:20
65            android:name="net.synapticweb.callrecorder.settings.SettingsActivity"
65-->src\main\AndroidManifest.xml:45:19-60
66            android:parentActivityName="net.synapticweb.callrecorder.contactslist.ContactsListActivityMain" >
66-->src\main\AndroidManifest.xml:46:13-80
67        </activity>
68        <activity
68-->src\main\AndroidManifest.xml:49:9-51:20
69            android:name="net.synapticweb.callrecorder.contactdetail.EditContactActivity"
69-->src\main\AndroidManifest.xml:49:19-68
70            android:parentActivityName="net.synapticweb.callrecorder.contactdetail.ContactDetailActivity" >
70-->src\main\AndroidManifest.xml:50:13-78
71        </activity>
72        <activity
72-->src\main\AndroidManifest.xml:53:9-54:58
73            android:name="com.theartofdev.edmodo.cropper.CropImageActivity"
73-->src\main\AndroidManifest.xml:53:19-82
74            android:theme="@style/Base.Theme.AppCompat" /> <!-- Fără screenSize continuă să se restarteze. -->
74-->src\main\AndroidManifest.xml:54:13-56
75        <activity
75-->src\main\AndroidManifest.xml:58:9-60:20
76            android:name="net.synapticweb.callrecorder.setup.SetupActivity"
76-->src\main\AndroidManifest.xml:58:19-54
77            android:parentActivityName="net.synapticweb.callrecorder.contactslist.ContactsListActivityMain" >
77-->src\main\AndroidManifest.xml:59:13-80
78        </activity>
79        <activity
79-->src\main\AndroidManifest.xml:62:9-63:82
80            android:name="net.synapticweb.callrecorder.HelpActivity"
80-->src\main\AndroidManifest.xml:62:19-47
81            android:parentActivityName="net.synapticweb.callrecorder.contactslist.ContactsListActivityMain" />
81-->src\main\AndroidManifest.xml:63:13-80
82        <activity
82-->src\main\AndroidManifest.xml:65:9-67:61
83            android:name="net.synapticweb.callrecorder.player.PlayerActivity"
83-->src\main\AndroidManifest.xml:65:19-56
84            android:configChanges="orientation|screenSize"
84-->src\main\AndroidManifest.xml:67:13-59
85            android:parentActivityName="net.synapticweb.callrecorder.contactdetail.ContactDetailActivity" />
85-->src\main\AndroidManifest.xml:66:13-78
86        <activity
86-->src\main\AndroidManifest.xml:69:9-70:65
87            android:name="net.synapticweb.callrecorder.setup.ShowEulaActivity"
87-->src\main\AndroidManifest.xml:69:19-57
88            android:parentActivityName="net.synapticweb.callrecorder.setup.SetupActivity" />
88-->src\main\AndroidManifest.xml:70:13-62
89
90        <receiver android:name="net.synapticweb.callrecorder.recorder.CallReceiver" >
90-->src\main\AndroidManifest.xml:72:9-77:20
90-->src\main\AndroidManifest.xml:72:19-56
91            <intent-filter>
91-->src\main\AndroidManifest.xml:73:13-75:29
92                <action android:name="android.intent.action.PHONE_STATE" />
92-->src\main\AndroidManifest.xml:74:17-75
92-->src\main\AndroidManifest.xml:74:25-73
93            </intent-filter>
94        </receiver>
95        <receiver
95-->src\main\AndroidManifest.xml:79:9-86:20
96            android:name="net.synapticweb.callrecorder.recorder.ControlRecordingReceiver"
96-->src\main\AndroidManifest.xml:79:19-68
97            android:exported="false" >
97-->src\main\AndroidManifest.xml:80:13-37
98            <intent-filter>
98-->src\main\AndroidManifest.xml:81:13-85:29
99                <action android:name="net.synapticweb.callrecorder.START_RECORDING" />
99-->src\main\AndroidManifest.xml:82:17-87
99-->src\main\AndroidManifest.xml:82:25-84
100                <action android:name="net.synapticweb.callrecorder.STOP_SPEAKER" />
100-->src\main\AndroidManifest.xml:83:17-84
100-->src\main\AndroidManifest.xml:83:25-81
101                <action android:name="net.synapticweb.callrecorder.START_SPEAKER" />
101-->src\main\AndroidManifest.xml:84:17-85
101-->src\main\AndroidManifest.xml:84:25-82
102            </intent-filter>
103        </receiver>
104
105        <service android:name="net.synapticweb.callrecorder.recorder.RecorderService" />
105-->src\main\AndroidManifest.xml:88:9-60
105-->src\main\AndroidManifest.xml:88:18-58
106        <service
106-->[ch.acra:acra-core:5.5.0] AndroidManifest.xml:27:9-31:39
107            android:name="org.acra.sender.LegacySenderService"
107-->[ch.acra:acra-core:5.5.0] AndroidManifest.xml:28:13-63
108            android:enabled="@bool/acra_enable_legacy_service"
108-->[ch.acra:acra-core:5.5.0] AndroidManifest.xml:29:13-63
109            android:exported="false"
109-->[ch.acra:acra-core:5.5.0] AndroidManifest.xml:30:13-37
110            android:process=":acra" />
110-->[ch.acra:acra-core:5.5.0] AndroidManifest.xml:31:13-36
111        <service
111-->[ch.acra:acra-core:5.5.0] AndroidManifest.xml:32:9-37:39
112            android:name="org.acra.sender.JobSenderService"
112-->[ch.acra:acra-core:5.5.0] AndroidManifest.xml:33:13-60
113            android:enabled="@bool/acra_enable_job_service"
113-->[ch.acra:acra-core:5.5.0] AndroidManifest.xml:34:13-60
114            android:exported="false"
114-->[ch.acra:acra-core:5.5.0] AndroidManifest.xml:35:13-37
115            android:permission="android.permission.BIND_JOB_SERVICE"
115-->[ch.acra:acra-core:5.5.0] AndroidManifest.xml:36:13-69
116            android:process=":acra" />
116-->[ch.acra:acra-core:5.5.0] AndroidManifest.xml:37:13-36
117
118        <provider
118-->[ch.acra:acra-core:5.5.0] AndroidManifest.xml:39:9-45:51
119            android:name="org.acra.attachment.AcraContentProvider"
119-->[ch.acra:acra-core:5.5.0] AndroidManifest.xml:40:13-67
120            android:authorities="net.synapticweb.callrecorder.gpcompliant.eval.acra"
120-->[ch.acra:acra-core:5.5.0] AndroidManifest.xml:41:13-56
121            android:exported="false"
121-->[ch.acra:acra-core:5.5.0] AndroidManifest.xml:42:13-37
122            android:grantUriPermissions="true"
122-->[ch.acra:acra-core:5.5.0] AndroidManifest.xml:43:13-47
123            android:process=":acra" />
123-->[ch.acra:acra-core:5.5.0] AndroidManifest.xml:44:13-36
124    </application>
125
126</manifest>